c:\users\user\documents\projects\gettingstarted\zombieshooter\release\vc141.pdb
c:\users\user\documents\projects\gettingstarted\zombieshooter\release\level.obj
c:\users\user\documents\projects\gettingstarted\zombieshooter\release\bullet.obj
c:\users\user\documents\projects\gettingstarted\zombieshooter\release\agent.obj
c:\users\user\documents\projects\gettingstarted\zombieshooter\release\main.obj
c:\users\user\documents\projects\gettingstarted\zombieshooter\release\zombieshooter.obj
c:\users\user\documents\projects\gettingstarted\zombieshooter\release\maingame.obj
c:\users\user\documents\projects\gettingstarted\zombieshooter\release\zombie.obj
c:\users\user\documents\projects\gettingstarted\zombieshooter\release\player.obj
c:\users\user\documents\projects\gettingstarted\zombieshooter\release\human.obj
c:\users\user\documents\projects\gettingstarted\zombieshooter\release\gun.obj
c:\users\user\documents\projects\gettingstarted\release\zombieshooter.exe
c:\users\user\documents\projects\gettingstarted\release\zombieshooter.pdb
c:\users\user\documents\projects\gettingstarted\release\zombieshooter.ipdb
c:\users\user\documents\projects\gettingstarted\release\zombieshooter.iobj
c:\users\user\documents\projects\gettingstarted\zombieshooter\release\zombieshooter.tlog\cl.command.1.tlog
c:\users\user\documents\projects\gettingstarted\zombieshooter\release\zombieshooter.tlog\cl.read.1.tlog
c:\users\user\documents\projects\gettingstarted\zombieshooter\release\zombieshooter.tlog\cl.write.1.tlog
c:\users\user\documents\projects\gettingstarted\zombieshooter\release\zombieshooter.tlog\link.command.1.tlog
c:\users\user\documents\projects\gettingstarted\zombieshooter\release\zombieshooter.tlog\link.read.1.tlog
c:\users\user\documents\projects\gettingstarted\zombieshooter\release\zombieshooter.tlog\link.write.1.tlog
c:\users\user\documents\projects\gettingstarted\zombieshooter\release\zombieshooter.tlog\zombieshooter.write.1u.tlog
