c:\users\user\documents\projects\gettingstarted\dawnengine\release\dawnengine.pdb
c:\users\user\documents\projects\gettingstarted\dawnengine\release\window.obj
c:\users\user\documents\projects\gettingstarted\dawnengine\release\timing.obj
c:\users\user\documents\projects\gettingstarted\dawnengine\release\texturecache.obj
c:\users\user\documents\projects\gettingstarted\dawnengine\release\spritebatch.obj
c:\users\user\documents\projects\gettingstarted\dawnengine\release\sprite.obj
c:\users\user\documents\projects\gettingstarted\dawnengine\release\resourcemanager.obj
c:\users\user\documents\projects\gettingstarted\dawnengine\release\picopng.obj
c:\users\user\documents\projects\gettingstarted\dawnengine\release\iomanager.obj
c:\users\user\documents\projects\gettingstarted\dawnengine\release\inputmanager.obj
c:\users\user\documents\projects\gettingstarted\dawnengine\release\imageloader.obj
c:\users\user\documents\projects\gettingstarted\dawnengine\release\glslprogram.obj
c:\users\user\documents\projects\gettingstarted\dawnengine\release\errors.obj
c:\users\user\documents\projects\gettingstarted\dawnengine\release\dawnengine.obj
c:\users\user\documents\projects\gettingstarted\dawnengine\release\camera2d.obj
c:\users\user\documents\projects\gettingstarted\release\dawnengine.lib
c:\users\user\documents\projects\gettingstarted\dawnengine\release\dawnengine.tlog\cl.command.1.tlog
c:\users\user\documents\projects\gettingstarted\dawnengine\release\dawnengine.tlog\cl.read.1.tlog
c:\users\user\documents\projects\gettingstarted\dawnengine\release\dawnengine.tlog\cl.write.1.tlog
c:\users\user\documents\projects\gettingstarted\dawnengine\release\dawnengine.tlog\lib-link.read.1.tlog
c:\users\user\documents\projects\gettingstarted\dawnengine\release\dawnengine.tlog\lib-link.write.1.tlog
c:\users\user\documents\projects\gettingstarted\dawnengine\release\dawnengine.tlog\lib.command.1.tlog
