  MainGame.cpp
c:\users\user\documents\projects\gettingstarted\zombieshooter\maingame.cpp(18): warning C4018: '<': signed/unsigned mismatch
c:\users\user\documents\projects\gettingstarted\zombieshooter\maingame.cpp(53): warning C4244: 'argument': conversion from 'time_t' to 'unsigned int', possible loss of data
c:\users\user\documents\projects\gettingstarted\zombieshooter\maingame.cpp(67): warning C4018: '<': signed/unsigned mismatch
c:\users\user\documents\projects\gettingstarted\zombieshooter\maingame.cpp(107): warning C4018: '<': signed/unsigned mismatch
c:\users\user\documents\projects\gettingstarted\zombieshooter\maingame.cpp(112): warning C4018: '<': signed/unsigned mismatch
c:\users\user\documents\projects\gettingstarted\zombieshooter\maingame.cpp(117): warning C4018: '<': signed/unsigned mismatch
c:\users\user\documents\projects\gettingstarted\zombieshooter\maingame.cpp(119): warning C4018: '<': signed/unsigned mismatch
c:\users\user\documents\projects\gettingstarted\zombieshooter\maingame.cpp(123): warning C4018: '<': signed/unsigned mismatch
c:\users\user\documents\projects\gettingstarted\zombieshooter\maingame.cpp(144): warning C4018: '<': signed/unsigned mismatch
c:\users\user\documents\projects\gettingstarted\zombieshooter\maingame.cpp(146): warning C4018: '<': signed/unsigned mismatch
c:\users\user\documents\projects\gettingstarted\zombieshooter\maingame.cpp(155): warning C4018: '<': signed/unsigned mismatch
c:\users\user\documents\projects\gettingstarted\zombieshooter\maingame.cpp(170): warning C4018: '<': signed/unsigned mismatch
c:\users\user\documents\projects\gettingstarted\zombieshooter\maingame.cpp(172): warning C4018: '<': signed/unsigned mismatch
c:\users\user\documents\projects\gettingstarted\zombieshooter\maingame.cpp(197): warning C4018: '<': signed/unsigned mismatch
c:\users\user\documents\projects\gettingstarted\zombieshooter\maingame.cpp(237): warning C4244: 'argument': conversion from 'Sint32' to 'float', possible loss of data
c:\users\user\documents\projects\gettingstarted\zombieshooter\maingame.cpp(281): warning C4018: '<': signed/unsigned mismatch
c:\users\user\documents\projects\gettingstarted\zombieshooter\maingame.cpp(286): warning C4018: '<': signed/unsigned mismatch
c:\users\user\documents\projects\gettingstarted\zombieshooter\maingame.cpp(291): warning C4018: '<': signed/unsigned mismatch
  ZombieShooter.vcxproj -> C:\Users\User\Documents\Projects\gettingStarted\Debug\ZombieShooter.exe
