c:\users\user\documents\projects\gettingstarted\zombieshooter\debug\vc141.pdb
c:\users\user\documents\projects\gettingstarted\zombieshooter\debug\vc141.idb
c:\users\user\documents\projects\gettingstarted\zombieshooter\debug\main.obj
c:\users\user\documents\projects\gettingstarted\zombieshooter\debug\zombieshooter.obj
c:\users\user\documents\projects\gettingstarted\zombieshooter\debug\zombie.obj
c:\users\user\documents\projects\gettingstarted\zombieshooter\debug\player.obj
c:\users\user\documents\projects\gettingstarted\zombieshooter\debug\maingame.obj
c:\users\user\documents\projects\gettingstarted\zombieshooter\debug\level.obj
c:\users\user\documents\projects\gettingstarted\zombieshooter\debug\human.obj
c:\users\user\documents\projects\gettingstarted\zombieshooter\debug\gun.obj
c:\users\user\documents\projects\gettingstarted\zombieshooter\debug\bullet.obj
c:\users\user\documents\projects\gettingstarted\zombieshooter\debug\agent.obj
c:\users\user\documents\projects\gettingstarted\debug\zombieshooter.ilk
c:\users\user\documents\projects\gettingstarted\debug\zombieshooter.exe
c:\users\user\documents\projects\gettingstarted\debug\zombieshooter.pdb
c:\users\user\documents\projects\gettingstarted\zombieshooter\debug\zombieshooter.tlog\cl.command.1.tlog
c:\users\user\documents\projects\gettingstarted\zombieshooter\debug\zombieshooter.tlog\cl.read.1.tlog
c:\users\user\documents\projects\gettingstarted\zombieshooter\debug\zombieshooter.tlog\cl.write.1.tlog
c:\users\user\documents\projects\gettingstarted\zombieshooter\debug\zombieshooter.tlog\link.command.1.tlog
c:\users\user\documents\projects\gettingstarted\zombieshooter\debug\zombieshooter.tlog\link.read.1.tlog
c:\users\user\documents\projects\gettingstarted\zombieshooter\debug\zombieshooter.tlog\link.write.1.tlog
