c:\users\user\documents\projects\gettingstarted\dawnengine\debug\dawnengine.pdb
c:\users\user\documents\projects\gettingstarted\dawnengine\debug\dawnengine.idb
c:\users\user\documents\projects\gettingstarted\dawnengine\debug\window.obj
c:\users\user\documents\projects\gettingstarted\dawnengine\debug\timing.obj
c:\users\user\documents\projects\gettingstarted\dawnengine\debug\texturecache.obj
c:\users\user\documents\projects\gettingstarted\dawnengine\debug\sprite.obj
c:\users\user\documents\projects\gettingstarted\dawnengine\debug\resourcemanager.obj
c:\users\user\documents\projects\gettingstarted\dawnengine\debug\picopng.obj
c:\users\user\documents\projects\gettingstarted\dawnengine\debug\iomanager.obj
c:\users\user\documents\projects\gettingstarted\dawnengine\debug\inputmanager.obj
c:\users\user\documents\projects\gettingstarted\dawnengine\debug\imageloader.obj
c:\users\user\documents\projects\gettingstarted\dawnengine\debug\glslprogram.obj
c:\users\user\documents\projects\gettingstarted\dawnengine\debug\errors.obj
c:\users\user\documents\projects\gettingstarted\dawnengine\debug\dawnengine.obj
c:\users\user\documents\projects\gettingstarted\dawnengine\debug\camera2d.obj
c:\users\user\documents\projects\gettingstarted\dawnengine\debug\spritebatch.obj
c:\users\user\documents\projects\gettingstarted\debug\dawnengine.lib
c:\users\user\documents\projects\gettingstarted\debug\dawnengine.pdb
c:\users\user\documents\projects\gettingstarted\dawnengine\debug\dawnengine.tlog\cl.command.1.tlog
c:\users\user\documents\projects\gettingstarted\dawnengine\debug\dawnengine.tlog\cl.read.1.tlog
c:\users\user\documents\projects\gettingstarted\dawnengine\debug\dawnengine.tlog\cl.write.1.tlog
c:\users\user\documents\projects\gettingstarted\dawnengine\debug\dawnengine.tlog\lib-link.read.1.tlog
c:\users\user\documents\projects\gettingstarted\dawnengine\debug\dawnengine.tlog\lib-link.write.1.tlog
c:\users\user\documents\projects\gettingstarted\dawnengine\debug\dawnengine.tlog\lib.command.1.tlog
